CRITICAL - 2022-03-02 04:09:26 --> Invalid argument supplied for foreach()
#0 C:\laragon\www\wordix\app\Views\templates\header-script.php(15): CodeIgniter\Debug\Exceptions->errorHandler(2, 'Invalid argumen...', 'C:\\laragon\\www\\...', 15, Array)
#1 C:\laragon\www\wordix\app\Views\welcome_message.php(1): include('C:\\laragon\\www\\...')
#2 C:\laragon\www\wordix\system\View\View.php(210): include('C:\\laragon\\www\\...')
#3 C:\laragon\www\wordix\system\View\View.php(213): CodeIgniter\View\View->CodeIgniter\View\{closure}()
#4 C:\laragon\www\wordix\system\Common.php(1089): CodeIgniter\View\View->render('welcome_message', Array, true)
#5 C:\laragon\www\wordix\app\Controllers\Home.php(10): view('welcome_message', Array)
#6 C:\laragon\www\wordix\system\CodeIgniter.php(832): App\Controllers\Home->index()
#7 C:\laragon\www\wordix\system\CodeIgniter.php(419): CodeIgniter\CodeIgniter->runController(Object(App\Controllers\Home))
#8 C:\laragon\www\wordix\system\CodeIgniter.php(326): CodeIgniter\CodeIgniter->handleRequest(NULL, Object(Config\Cache), false)
#9 C:\laragon\www\wordix\index.php(37): CodeIgniter\CodeIgniter->run()
#10 {main}
CRITICAL - 2022-03-02 04:10:05 --> Invalid argument supplied for foreach()
#0 C:\laragon\www\wordix\app\Views\templates\header-script.php(15): CodeIgniter\Debug\Exceptions->errorHandler(2, 'Invalid argumen...', 'C:\\laragon\\www\\...', 15, Array)
#1 C:\laragon\www\wordix\app\Views\welcome_message.php(1): include('C:\\laragon\\www\\...')
#2 C:\laragon\www\wordix\system\View\View.php(210): include('C:\\laragon\\www\\...')
#3 C:\laragon\www\wordix\system\View\View.php(213): CodeIgniter\View\View->CodeIgniter\View\{closure}()
#4 C:\laragon\www\wordix\system\Common.php(1089): CodeIgniter\View\View->render('welcome_message', Array, true)
#5 C:\laragon\www\wordix\app\Controllers\Home.php(10): view('welcome_message', Array)
#6 C:\laragon\www\wordix\system\CodeIgniter.php(832): App\Controllers\Home->index()
#7 C:\laragon\www\wordix\system\CodeIgniter.php(419): CodeIgniter\CodeIgniter->runController(Object(App\Controllers\Home))
#8 C:\laragon\www\wordix\system\CodeIgniter.php(326): CodeIgniter\CodeIgniter->handleRequest(NULL, Object(Config\Cache), false)
#9 C:\laragon\www\wordix\index.php(37): CodeIgniter\CodeIgniter->run()
#10 {main}
CRITICAL - 2022-03-02 04:11:17 --> Invalid argument supplied for foreach()
#0 C:\laragon\www\wordix\app\Views\templates\header-script.php(15): CodeIgniter\Debug\Exceptions->errorHandler(2, 'Invalid argumen...', 'C:\\laragon\\www\\...', 15, Array)
#1 C:\laragon\www\wordix\app\Views\welcome_message.php(1): include('C:\\laragon\\www\\...')
#2 C:\laragon\www\wordix\system\View\View.php(210): include('C:\\laragon\\www\\...')
#3 C:\laragon\www\wordix\system\View\View.php(213): CodeIgniter\View\View->CodeIgniter\View\{closure}()
#4 C:\laragon\www\wordix\system\Common.php(1089): CodeIgniter\View\View->render('welcome_message', Array, true)
#5 C:\laragon\www\wordix\app\Controllers\Home.php(10): view('welcome_message', Array)
#6 C:\laragon\www\wordix\system\CodeIgniter.php(832): App\Controllers\Home->index()
#7 C:\laragon\www\wordix\system\CodeIgniter.php(419): CodeIgniter\CodeIgniter->runController(Object(App\Controllers\Home))
#8 C:\laragon\www\wordix\system\CodeIgniter.php(326): CodeIgniter\CodeIgniter->handleRequest(NULL, Object(Config\Cache), false)
#9 C:\laragon\www\wordix\index.php(37): CodeIgniter\CodeIgniter->run()
#10 {main}
CRITICAL - 2022-03-02 04:11:25 --> Invalid argument supplied for foreach()
#0 C:\laragon\www\wordix\app\Views\templates\header-script.php(15): CodeIgniter\Debug\Exceptions->errorHandler(2, 'Invalid argumen...', 'C:\\laragon\\www\\...', 15, Array)
#1 C:\laragon\www\wordix\app\Views\welcome_message.php(1): include('C:\\laragon\\www\\...')
#2 C:\laragon\www\wordix\system\View\View.php(210): include('C:\\laragon\\www\\...')
#3 C:\laragon\www\wordix\system\View\View.php(213): CodeIgniter\View\View->CodeIgniter\View\{closure}()
#4 C:\laragon\www\wordix\system\Common.php(1089): CodeIgniter\View\View->render('welcome_message', Array, true)
#5 C:\laragon\www\wordix\app\Controllers\Home.php(10): view('welcome_message', Array)
#6 C:\laragon\www\wordix\system\CodeIgniter.php(832): App\Controllers\Home->index()
#7 C:\laragon\www\wordix\system\CodeIgniter.php(419): CodeIgniter\CodeIgniter->runController(Object(App\Controllers\Home))
#8 C:\laragon\www\wordix\system\CodeIgniter.php(326): CodeIgniter\CodeIgniter->handleRequest(NULL, Object(Config\Cache), false)
#9 C:\laragon\www\wordix\index.php(37): CodeIgniter\CodeIgniter->run()
#10 {main}
CRITICAL - 2022-03-02 04:11:25 --> Invalid argument supplied for foreach()
#0 C:\laragon\www\wordix\app\Views\templates\header-script.php(15): CodeIgniter\Debug\Exceptions->errorHandler(2, 'Invalid argumen...', 'C:\\laragon\\www\\...', 15, Array)
#1 C:\laragon\www\wordix\app\Views\welcome_message.php(1): include('C:\\laragon\\www\\...')
#2 C:\laragon\www\wordix\system\View\View.php(210): include('C:\\laragon\\www\\...')
#3 C:\laragon\www\wordix\system\View\View.php(213): CodeIgniter\View\View->CodeIgniter\View\{closure}()
#4 C:\laragon\www\wordix\system\Common.php(1089): CodeIgniter\View\View->render('welcome_message', Array, true)
#5 C:\laragon\www\wordix\app\Controllers\Home.php(10): view('welcome_message', Array)
#6 C:\laragon\www\wordix\system\CodeIgniter.php(832): App\Controllers\Home->index()
#7 C:\laragon\www\wordix\system\CodeIgniter.php(419): CodeIgniter\CodeIgniter->runController(Object(App\Controllers\Home))
#8 C:\laragon\www\wordix\system\CodeIgniter.php(326): CodeIgniter\CodeIgniter->handleRequest(NULL, Object(Config\Cache), false)
#9 C:\laragon\www\wordix\index.php(37): CodeIgniter\CodeIgniter->run()
#10 {main}
CRITICAL - 2022-03-02 04:11:26 --> Invalid argument supplied for foreach()
#0 C:\laragon\www\wordix\app\Views\templates\header-script.php(15): CodeIgniter\Debug\Exceptions->errorHandler(2, 'Invalid argumen...', 'C:\\laragon\\www\\...', 15, Array)
#1 C:\laragon\www\wordix\app\Views\welcome_message.php(1): include('C:\\laragon\\www\\...')
#2 C:\laragon\www\wordix\system\View\View.php(210): include('C:\\laragon\\www\\...')
#3 C:\laragon\www\wordix\system\View\View.php(213): CodeIgniter\View\View->CodeIgniter\View\{closure}()
#4 C:\laragon\www\wordix\system\Common.php(1089): CodeIgniter\View\View->render('welcome_message', Array, true)
#5 C:\laragon\www\wordix\app\Controllers\Home.php(10): view('welcome_message', Array)
#6 C:\laragon\www\wordix\system\CodeIgniter.php(832): App\Controllers\Home->index()
#7 C:\laragon\www\wordix\system\CodeIgniter.php(419): CodeIgniter\CodeIgniter->runController(Object(App\Controllers\Home))
#8 C:\laragon\www\wordix\system\CodeIgniter.php(326): CodeIgniter\CodeIgniter->handleRequest(NULL, Object(Config\Cache), false)
#9 C:\laragon\www\wordix\index.php(37): CodeIgniter\CodeIgniter->run()
#10 {main}
CRITICAL - 2022-03-02 04:11:26 --> Invalid argument supplied for foreach()
#0 C:\laragon\www\wordix\app\Views\templates\header-script.php(15): CodeIgniter\Debug\Exceptions->errorHandler(2, 'Invalid argumen...', 'C:\\laragon\\www\\...', 15, Array)
#1 C:\laragon\www\wordix\app\Views\welcome_message.php(1): include('C:\\laragon\\www\\...')
#2 C:\laragon\www\wordix\system\View\View.php(210): include('C:\\laragon\\www\\...')
#3 C:\laragon\www\wordix\system\View\View.php(213): CodeIgniter\View\View->CodeIgniter\View\{closure}()
#4 C:\laragon\www\wordix\system\Common.php(1089): CodeIgniter\View\View->render('welcome_message', Array, true)
#5 C:\laragon\www\wordix\app\Controllers\Home.php(10): view('welcome_message', Array)
#6 C:\laragon\www\wordix\system\CodeIgniter.php(832): App\Controllers\Home->index()
#7 C:\laragon\www\wordix\system\CodeIgniter.php(419): CodeIgniter\CodeIgniter->runController(Object(App\Controllers\Home))
#8 C:\laragon\www\wordix\system\CodeIgniter.php(326): CodeIgniter\CodeIgniter->handleRequest(NULL, Object(Config\Cache), false)
#9 C:\laragon\www\wordix\index.php(37): CodeIgniter\CodeIgniter->run()
#10 {main}
CRITICAL - 2022-03-02 04:11:26 --> Invalid argument supplied for foreach()
#0 C:\laragon\www\wordix\app\Views\templates\header-script.php(15): CodeIgniter\Debug\Exceptions->errorHandler(2, 'Invalid argumen...', 'C:\\laragon\\www\\...', 15, Array)
#1 C:\laragon\www\wordix\app\Views\welcome_message.php(1): include('C:\\laragon\\www\\...')
#2 C:\laragon\www\wordix\system\View\View.php(210): include('C:\\laragon\\www\\...')
#3 C:\laragon\www\wordix\system\View\View.php(213): CodeIgniter\View\View->CodeIgniter\View\{closure}()
#4 C:\laragon\www\wordix\system\Common.php(1089): CodeIgniter\View\View->render('welcome_message', Array, true)
#5 C:\laragon\www\wordix\app\Controllers\Home.php(10): view('welcome_message', Array)
#6 C:\laragon\www\wordix\system\CodeIgniter.php(832): App\Controllers\Home->index()
#7 C:\laragon\www\wordix\system\CodeIgniter.php(419): CodeIgniter\CodeIgniter->runController(Object(App\Controllers\Home))
#8 C:\laragon\www\wordix\system\CodeIgniter.php(326): CodeIgniter\CodeIgniter->handleRequest(NULL, Object(Config\Cache), false)
#9 C:\laragon\www\wordix\index.php(37): CodeIgniter\CodeIgniter->run()
#10 {main}
CRITICAL - 2022-03-02 04:11:38 --> Invalid argument supplied for foreach()
#0 C:\laragon\www\wordix\app\Views\templates\header-script.php(15): CodeIgniter\Debug\Exceptions->errorHandler(2, 'Invalid argumen...', 'C:\\laragon\\www\\...', 15, Array)
#1 C:\laragon\www\wordix\app\Views\welcome_message.php(1): include('C:\\laragon\\www\\...')
#2 C:\laragon\www\wordix\system\View\View.php(210): include('C:\\laragon\\www\\...')
#3 C:\laragon\www\wordix\system\View\View.php(213): CodeIgniter\View\View->CodeIgniter\View\{closure}()
#4 C:\laragon\www\wordix\system\Common.php(1089): CodeIgniter\View\View->render('welcome_message', Array, true)
#5 C:\laragon\www\wordix\app\Controllers\Home.php(10): view('welcome_message', Array)
#6 C:\laragon\www\wordix\system\CodeIgniter.php(832): App\Controllers\Home->index()
#7 C:\laragon\www\wordix\system\CodeIgniter.php(419): CodeIgniter\CodeIgniter->runController(Object(App\Controllers\Home))
#8 C:\laragon\www\wordix\system\CodeIgniter.php(326): CodeIgniter\CodeIgniter->handleRequest(NULL, Object(Config\Cache), false)
#9 C:\laragon\www\wordix\index.php(37): CodeIgniter\CodeIgniter->run()
#10 {main}
CRITICAL - 2022-03-02 04:11:44 --> Invalid argument supplied for foreach()
#0 C:\laragon\www\wordix\app\Views\templates\header-script.php(15): CodeIgniter\Debug\Exceptions->errorHandler(2, 'Invalid argumen...', 'C:\\laragon\\www\\...', 15, Array)
#1 C:\laragon\www\wordix\app\Views\welcome_message.php(1): include('C:\\laragon\\www\\...')
#2 C:\laragon\www\wordix\system\View\View.php(210): include('C:\\laragon\\www\\...')
#3 C:\laragon\www\wordix\system\View\View.php(213): CodeIgniter\View\View->CodeIgniter\View\{closure}()
#4 C:\laragon\www\wordix\system\Common.php(1089): CodeIgniter\View\View->render('welcome_message', Array, true)
#5 C:\laragon\www\wordix\app\Controllers\Home.php(10): view('welcome_message', Array)
#6 C:\laragon\www\wordix\system\CodeIgniter.php(832): App\Controllers\Home->index()
#7 C:\laragon\www\wordix\system\CodeIgniter.php(419): CodeIgniter\CodeIgniter->runController(Object(App\Controllers\Home))
#8 C:\laragon\www\wordix\system\CodeIgniter.php(326): CodeIgniter\CodeIgniter->handleRequest(NULL, Object(Config\Cache), false)
#9 C:\laragon\www\wordix\index.php(37): CodeIgniter\CodeIgniter->run()
#10 {main}
CRITICAL - 2022-03-02 04:11:45 --> Invalid argument supplied for foreach()
#0 C:\laragon\www\wordix\app\Views\templates\header-script.php(15): CodeIgniter\Debug\Exceptions->errorHandler(2, 'Invalid argumen...', 'C:\\laragon\\www\\...', 15, Array)
#1 C:\laragon\www\wordix\app\Views\welcome_message.php(1): include('C:\\laragon\\www\\...')
#2 C:\laragon\www\wordix\system\View\View.php(210): include('C:\\laragon\\www\\...')
#3 C:\laragon\www\wordix\system\View\View.php(213): CodeIgniter\View\View->CodeIgniter\View\{closure}()
#4 C:\laragon\www\wordix\system\Common.php(1089): CodeIgniter\View\View->render('welcome_message', Array, true)
#5 C:\laragon\www\wordix\app\Controllers\Home.php(10): view('welcome_message', Array)
#6 C:\laragon\www\wordix\system\CodeIgniter.php(832): App\Controllers\Home->index()
#7 C:\laragon\www\wordix\system\CodeIgniter.php(419): CodeIgniter\CodeIgniter->runController(Object(App\Controllers\Home))
#8 C:\laragon\www\wordix\system\CodeIgniter.php(326): CodeIgniter\CodeIgniter->handleRequest(NULL, Object(Config\Cache), false)
#9 C:\laragon\www\wordix\index.php(37): CodeIgniter\CodeIgniter->run()
#10 {main}
CRITICAL - 2022-03-02 04:13:05 --> Invalid argument supplied for foreach()
#0 C:\laragon\www\wordix\app\Views\templates\header-script.php(15): CodeIgniter\Debug\Exceptions->errorHandler(2, 'Invalid argumen...', 'C:\\laragon\\www\\...', 15, Array)
#1 C:\laragon\www\wordix\app\Views\welcome_message.php(1): include('C:\\laragon\\www\\...')
#2 C:\laragon\www\wordix\system\View\View.php(210): include('C:\\laragon\\www\\...')
#3 C:\laragon\www\wordix\system\View\View.php(213): CodeIgniter\View\View->CodeIgniter\View\{closure}()
#4 C:\laragon\www\wordix\system\Common.php(1089): CodeIgniter\View\View->render('welcome_message', Array, true)
#5 C:\laragon\www\wordix\app\Controllers\Home.php(12): view('welcome_message', Array)
#6 C:\laragon\www\wordix\system\CodeIgniter.php(832): App\Controllers\Home->index()
#7 C:\laragon\www\wordix\system\CodeIgniter.php(419): CodeIgniter\CodeIgniter->runController(Object(App\Controllers\Home))
#8 C:\laragon\www\wordix\system\CodeIgniter.php(326): CodeIgniter\CodeIgniter->handleRequest(NULL, Object(Config\Cache), false)
#9 C:\laragon\www\wordix\index.php(37): CodeIgniter\CodeIgniter->run()
#10 {main}
CRITICAL - 2022-03-02 04:13:09 --> Invalid argument supplied for foreach()
#0 C:\laragon\www\wordix\app\Views\templates\header-script.php(15): CodeIgniter\Debug\Exceptions->errorHandler(2, 'Invalid argumen...', 'C:\\laragon\\www\\...', 15, Array)
#1 C:\laragon\www\wordix\app\Views\welcome_message.php(1): include('C:\\laragon\\www\\...')
#2 C:\laragon\www\wordix\system\View\View.php(210): include('C:\\laragon\\www\\...')
#3 C:\laragon\www\wordix\system\View\View.php(213): CodeIgniter\View\View->CodeIgniter\View\{closure}()
#4 C:\laragon\www\wordix\system\Common.php(1089): CodeIgniter\View\View->render('welcome_message', Array, true)
#5 C:\laragon\www\wordix\app\Controllers\Home.php(12): view('welcome_message', Array)
#6 C:\laragon\www\wordix\system\CodeIgniter.php(832): App\Controllers\Home->index()
#7 C:\laragon\www\wordix\system\CodeIgniter.php(419): CodeIgniter\CodeIgniter->runController(Object(App\Controllers\Home))
#8 C:\laragon\www\wordix\system\CodeIgniter.php(326): CodeIgniter\CodeIgniter->handleRequest(NULL, Object(Config\Cache), false)
#9 C:\laragon\www\wordix\index.php(37): CodeIgniter\CodeIgniter->run()
#10 {main}
CRITICAL - 2022-03-02 04:13:11 --> Invalid argument supplied for foreach()
#0 C:\laragon\www\wordix\app\Views\templates\header-script.php(15): CodeIgniter\Debug\Exceptions->errorHandler(2, 'Invalid argumen...', 'C:\\laragon\\www\\...', 15, Array)
#1 C:\laragon\www\wordix\app\Views\welcome_message.php(1): include('C:\\laragon\\www\\...')
#2 C:\laragon\www\wordix\system\View\View.php(210): include('C:\\laragon\\www\\...')
#3 C:\laragon\www\wordix\system\View\View.php(213): CodeIgniter\View\View->CodeIgniter\View\{closure}()
#4 C:\laragon\www\wordix\system\Common.php(1089): CodeIgniter\View\View->render('welcome_message', Array, true)
#5 C:\laragon\www\wordix\app\Controllers\Home.php(12): view('welcome_message', Array)
#6 C:\laragon\www\wordix\system\CodeIgniter.php(832): App\Controllers\Home->index()
#7 C:\laragon\www\wordix\system\CodeIgniter.php(419): CodeIgniter\CodeIgniter->runController(Object(App\Controllers\Home))
#8 C:\laragon\www\wordix\system\CodeIgniter.php(326): CodeIgniter\CodeIgniter->handleRequest(NULL, Object(Config\Cache), false)
#9 C:\laragon\www\wordix\index.php(37): CodeIgniter\CodeIgniter->run()
#10 {main}
CRITICAL - 2022-03-02 04:13:11 --> Invalid argument supplied for foreach()
#0 C:\laragon\www\wordix\app\Views\templates\header-script.php(15): CodeIgniter\Debug\Exceptions->errorHandler(2, 'Invalid argumen...', 'C:\\laragon\\www\\...', 15, Array)
#1 C:\laragon\www\wordix\app\Views\welcome_message.php(1): include('C:\\laragon\\www\\...')
#2 C:\laragon\www\wordix\system\View\View.php(210): include('C:\\laragon\\www\\...')
#3 C:\laragon\www\wordix\system\View\View.php(213): CodeIgniter\View\View->CodeIgniter\View\{closure}()
#4 C:\laragon\www\wordix\system\Common.php(1089): CodeIgniter\View\View->render('welcome_message', Array, true)
#5 C:\laragon\www\wordix\app\Controllers\Home.php(12): view('welcome_message', Array)
#6 C:\laragon\www\wordix\system\CodeIgniter.php(832): App\Controllers\Home->index()
#7 C:\laragon\www\wordix\system\CodeIgniter.php(419): CodeIgniter\CodeIgniter->runController(Object(App\Controllers\Home))
#8 C:\laragon\www\wordix\system\CodeIgniter.php(326): CodeIgniter\CodeIgniter->handleRequest(NULL, Object(Config\Cache), false)
#9 C:\laragon\www\wordix\index.php(37): CodeIgniter\CodeIgniter->run()
#10 {main}
CRITICAL - 2022-03-02 04:16:13 --> Invalid argument supplied for foreach()
#0 C:\laragon\www\wordix\app\Views\templates\header-script.php(13): CodeIgniter\Debug\Exceptions->errorHandler(2, 'Invalid argumen...', 'C:\\laragon\\www\\...', 13, Array)
#1 C:\laragon\www\wordix\app\Views\play.php(1): include('C:\\laragon\\www\\...')
#2 C:\laragon\www\wordix\system\View\View.php(210): include('C:\\laragon\\www\\...')
#3 C:\laragon\www\wordix\system\View\View.php(213): CodeIgniter\View\View->CodeIgniter\View\{closure}()
#4 C:\laragon\www\wordix\system\Common.php(1089): CodeIgniter\View\View->render('play', Array, true)
#5 C:\laragon\www\wordix\app\Controllers\Play.php(9): view('play')
#6 C:\laragon\www\wordix\system\CodeIgniter.php(832): App\Controllers\Play->index()
#7 C:\laragon\www\wordix\system\CodeIgniter.php(419): CodeIgniter\CodeIgniter->runController(Object(App\Controllers\Play))
#8 C:\laragon\www\wordix\system\CodeIgniter.php(326): CodeIgniter\CodeIgniter->handleRequest(NULL, Object(Config\Cache), false)
#9 C:\laragon\www\wordix\index.php(37): CodeIgniter\CodeIgniter->run()
#10 {main}
